{"/Volumes/External SSD/Eurobank/collectorService/src/app.ts": {"path":"/Volumes/External SSD/Eurobank/collectorService/src/app.ts","statementMap":{"0":{"start":{"line":1,"column":0},"end":{"line":1,"column":30}},"1":{"start":{"line":2,"column":0},"end":{"line":2,"column":23}},"2":{"start":{"line":3,"column":0},"end":{"line":3,"column":30}},"3":{"start":{"line":5,"column":13},"end":{"line":5,"column":29}},"4":{"start":{"line":6,"column":0},"end":{"line":6,"column":24}},"5":{"start":{"line":7,"column":0},"end":{"line":7,"column":24}},"6":{"start":{"line":9,"column":0},"end":{"line":12,"column":1}},"7":{"start":{"line":10,"column":15},"end":{"line":10,"column":47}},"8":{"start":{"line":11,"column":2},"end":{"line":11,"column":70}},"9":{"start":{"line":11,"column":25},"end":{"line":11,"column":68}}},"fnMap":{"0":{"name":"(anonymous_1)","decl":{"start":{"line":11,"column":19},"end":{"line":11,"column":22}},"loc":{"start":{"line":11,"column":25},"end":{"line":11,"column":68}}}},"branchMap":{"0":{"loc":{"start":{"line":9,"column":0},"end":{"line":12,"column":1}},"type":"if","locations":[{"start":{"line":9,"column":0},"end":{"line":12,"column":1}},{"start":{},"end":{}}]},"1":{"loc":{"start":{"line":10,"column":22},"end":{"line":10,"column":46}},"type":"binary-expr","locations":[{"start":{"line":10,"column":22},"end":{"line":10,"column":38}},{"start":{"line":10,"column":42},"end":{"line":10,"column":46}}]}},"s":{"0":1,"1":1,"2":1,"3":1,"4":1,"5":1,"6":1,"7":0,"8":0,"9":0},"f":{"0":0},"b":{"0":[0,1],"1":[0,0]}}
,"/Volumes/External SSD/Eurobank/collectorService/src/controller.ts": {"path":"/Volumes/External SSD/Eurobank/collectorService/src/controller.ts","statementMap":{"0":{"start":{"line":6,"column":0},"end":{"line":6,"column":7}},"1":{"start":{"line":2,"column":0},"end":{"line":2,"column":46}},"2":{"start":{"line":4,"column":16},"end":{"line":4,"column":51}},"3":{"start":{"line":7,"column":2},"end":{"line":20,"column":3}},"4":{"start":{"line":8,"column":17},"end":{"line":8,"column":52}},"5":{"start":{"line":9,"column":17},"end":{"line":9,"column":55}},"6":{"start":{"line":10,"column":15},"end":{"line":10,"column":51}},"7":{"start":{"line":12,"column":4},"end":{"line":14,"column":5}},"8":{"start":{"line":13,"column":6},"end":{"line":13,"column":88}},"9":{"start":{"line":16,"column":16},"end":{"line":16,"column":55}},"10":{"start":{"line":17,"column":4},"end":{"line":17,"column":25}},"11":{"start":{"line":19,"column":4},"end":{"line":19,"column":54}}},"fnMap":{"0":{"name":"handleCollect","decl":{"start":{"line":6,"column":22},"end":{"line":6,"column":35}},"loc":{"start":{"line":6,"column":63},"end":{"line":21,"column":1}}}},"branchMap":{"0":{"loc":{"start":{"line":8,"column":24},"end":{"line":8,"column":51}},"type":"binary-expr","locations":[{"start":{"line":8,"column":24},"end":{"line":8,"column":38}},{"start":{"line":8,"column":42},"end":{"line":8,"column":51}}]},"1":{"loc":{"start":{"line":9,"column":24},"end":{"line":9,"column":54}},"type":"binary-expr","locations":[{"start":{"line":9,"column":24},"end":{"line":9,"column":38}},{"start":{"line":9,"column":42},"end":{"line":9,"column":54}}]},"2":{"loc":{"start":{"line":10,"column":22},"end":{"line":10,"column":50}},"type":"binary-expr","locations":[{"start":{"line":10,"column":22},"end":{"line":10,"column":34}},{"start":{"line":10,"column":38},"end":{"line":10,"column":50}}]},"3":{"loc":{"start":{"line":12,"column":4},"end":{"line":14,"column":5}},"type":"if","locations":[{"start":{"line":12,"column":4},"end":{"line":14,"column":5}},{"start":{},"end":{}}]}},"s":{"0":1,"1":1,"2":1,"3":3,"4":3,"5":3,"6":3,"7":3,"8":1,"9":2,"10":1,"11":1},"f":{"0":3},"b":{"0":[3,0],"1":[3,0],"2":[3,0],"3":[1,2]}}
,"/Volumes/External SSD/Eurobank/collectorService/src/routes.ts": {"path":"/Volumes/External SSD/Eurobank/collectorService/src/routes.ts","statementMap":{"0":{"start":{"line":1,"column":0},"end":{"line":1,"column":33}},"1":{"start":{"line":2,"column":0},"end":{"line":2,"column":45}},"2":{"start":{"line":4,"column":15},"end":{"line":4,"column":23}},"3":{"start":{"line":5,"column":0},"end":{"line":5,"column":38}},"4":{"start":{"line":7,"column":0},"end":{"line":7,"column":22}}},"fnMap":{},"branchMap":{},"s":{"0":1,"1":1,"2":1,"3":1,"4":1},"f":{},"b":{}}
,"/Volumes/External SSD/Eurobank/collectorService/src/service.ts": {"path":"/Volumes/External SSD/Eurobank/collectorService/src/service.ts","statementMap":{"0":{"start":{"line":4,"column":0},"end":{"line":4,"column":7}},"1":{"start":{"line":1,"column":0},"end":{"line":1,"column":34}},"2":{"start":{"line":2,"column":0},"end":{"line":2,"column":43}},"3":{"start":{"line":5,"column":17},"end":{"line":5,"column":46}},"4":{"start":{"line":6,"column":14},"end":{"line":6,"column":72}},"5":{"start":{"line":7,"column":2},"end":{"line":7,"column":73}}},"fnMap":{"0":{"name":"collectAndForward","decl":{"start":{"line":4,"column":22},"end":{"line":4,"column":39}},"loc":{"start":{"line":4,"column":78},"end":{"line":8,"column":1}}}},"branchMap":{},"s":{"0":1,"1":1,"2":1,"3":2,"4":1,"5":1},"f":{"0":2},"b":{}}
}
