TN:
SF:src/app.ts
FN:11,(anonymous_1)
FNF:1
FNH:0
FNDA:0,(anonymous_1)
DA:1,1
DA:2,1
DA:3,1
DA:5,1
DA:6,1
DA:7,1
DA:9,1
DA:10,0
DA:11,0
LF:9
LH:7
BRDA:9,0,0,0
BRDA:9,0,1,1
BRDA:10,1,0,0
BRDA:10,1,1,0
BRF:4
BRH:1
end_of_record
TN:
SF:src/controller.ts
FN:6,handleCollect
FNF:1
FNH:1
FNDA:3,handleCollect
DA:2,1
DA:4,1
DA:6,1
DA:7,3
DA:8,3
DA:9,3
DA:10,3
DA:12,3
DA:13,1
DA:16,2
DA:17,1
DA:19,1
LF:12
LH:12
BRDA:8,0,0,3
BRDA:8,0,1,0
BRDA:9,1,0,3
BRDA:9,1,1,0
BRDA:10,2,0,3
BRDA:10,2,1,0
BRDA:12,3,0,1
BRDA:12,3,1,2
BRF:8
BRH:5
end_of_record
TN:
SF:src/routes.ts
FNF:0
FNH:0
DA:1,1
DA:2,1
DA:4,1
DA:5,1
DA:7,1
LF:5
LH:5
BRF:0
BRH:0
end_of_record
TN:
SF:src/service.ts
FN:4,collectAndForward
FNF:1
FNH:1
FNDA:2,collectAndForward
DA:1,1
DA:2,1
DA:4,1
DA:5,2
DA:6,1
DA:7,1
LF:6
LH:6
BRF:0
BRH:0
end_of_record
